Drill Listing
=============
Drill: .00984  Tool: 1  Feed: 0  Speed: 0
X 52460  Y 248818
X 50098  Y 251574
X 46751  Y 252755
X 50000  Y 254822
X 50393  Y 257677
X 25787  Y 267618
X 42125  Y 269685
X 47834  Y 269881
X 37598  Y 270472
X 47834  Y 272834
X 24015  Y 273129
X 50393  Y 274409
X 62204  Y 242519
X 68799  Y 242519
X 76181  Y 242519
X 73031  Y 242519
X 85629  Y 242519
X 80807  Y 242519
X 61023  Y 230610
X 87007  Y 224409
X 128740  Y 123720
X 128543  Y 150098
X 120669  Y 150098
X 124606  Y 150098
X 128543  Y 154035
X 124606  Y 154035
X 124606  Y 157972
X 128543  Y 161909
X 128346  Y 214271
X 128346  Y 217716
X 128346  Y 220472
X 128346  Y 223622
X 128346  Y 226377
X 128346  Y 229527
X 128346  Y 232283
X 128346  Y 235433
X 128346  Y 238188
X 128346  Y 241338
X 128346  Y 244094
X 128346  Y 247244
X 128346  Y 249999
X 128346  Y 253149
X 128346  Y 255905
X 128346  Y 259055
X 128346  Y 261811
X 128346  Y 264960
X 128346  Y 267716
X 128346  Y 270866
X 128346  Y 273622
X 128346  Y 276771
X 128346  Y 279527
X 128346  Y 282677
X 128346  Y 285433
X 128346  Y 288582
X 128346  Y 291338
X 128346  Y 294488
X 128346  Y 297244
X 141338  Y 298818
X 141338  Y 292913
X 141338  Y 287007
X 141338  Y 281102
X 141338  Y 275196
X 141338  Y 269291
X 141338  Y 263385
X 141338  Y 257480
X 141338  Y 251574
X 141338  Y 245669
X 141338  Y 239763
X 141338  Y 233858
X 141338  Y 227952
X 141338  Y 222047
X 132480  Y 161909
X 176377  Y 63582
X 168503  Y 107578
X 168503  Y 135433
X 171259  Y 186515
X 155314  Y 214173
X 159842  Y 217716
X 159842  Y 220472
X 159842  Y 229527
X 159842  Y 232283
X 155118  Y 235433
X 155118  Y 238188
X 159842  Y 241338
X 159842  Y 244094
X 155118  Y 247244
X 155118  Y 249999
X 159842  Y 253149
X 159842  Y 255905
X 155118  Y 259055
X 155118  Y 261811
X 159842  Y 264960
X 159842  Y 267716
X 155118  Y 270866
X 155118  Y 273622
X 159842  Y 276771
X 159842  Y 279527
X 155118  Y 282677
X 155118  Y 285433
X 159842  Y 288582
X 159842  Y 291338
X 155118  Y 294488
X 155118  Y 297244
X 194488  Y 311023
X 194094  Y 166732
X 198031  Y 166732
X 201968  Y 166732
X 198031  Y 162795
X 201968  Y 162795
X 198031  Y 158858
X 190157  Y 158858
X 190157  Y 154921
X 194094  Y 154921
X 198031  Y 154921
X 201968  Y 154921
X 194094  Y 150984
X 190157  Y 150984
X 190157  Y 147047
X 194094  Y 147047
X 185629  Y 145078
X 198031  Y 143110
X 194094  Y 143110
X 190157  Y 143110
X 194094  Y 139173
X 190157  Y 139173
X 201968  Y 135236
X 194094  Y 135236
X 190157  Y 135236
X 190157  Y 131299
X 194094  Y 131299
X 194094  Y 127362
X 190157  Y 127362
X 198031  Y 123425
X 194094  Y 123425
X 190157  Y 123425
X 198031  Y 119488
X 194094  Y 119488
X 190157  Y 119488
X 190157  Y 115551
X 201968  Y 115551
X 194094  Y 111614
X 190157  Y 107677
X 198031  Y 107677
X 194094  Y 107677
X 194094  Y 103740
X 190157  Y 103740
X 194094  Y 99803
X 190157  Y 99803
X 190157  Y 95866
X 198031  Y 95767
X 190157  Y 91929
X 201968  Y 91929
X 198031  Y 91929
X 198031  Y 87992
X 194094  Y 87992
X 190157  Y 87992
X 194094  Y 84055
X 198031  Y 84055
X 201968  Y 80118
X 198031  Y 80118
X 194094  Y 80118
X 198031  Y 76181
X 201968  Y 76181
X 194094  Y 76181
X 190157  Y 72244
X 194094  Y 72244
X 201968  Y 72244
X 198031  Y 72244
X 190157  Y 68307
X 198031  Y 68307
X 198031  Y 64370
X 221456  Y 64173
X 225590  Y 64370
X 205905  Y 64370
X 213779  Y 64370
X 221653  Y 68307
X 205905  Y 68307
X 225590  Y 68307
X 213779  Y 68307
X 205905  Y 72244
X 209842  Y 72244
X 225590  Y 72244
X 213779  Y 72244
X 221653  Y 76181
X 205905  Y 76181
X 209842  Y 76181
X 213779  Y 76181
X 217716  Y 76181
X 221653  Y 80118
X 205905  Y 80118
X 209842  Y 80118
X 225590  Y 80118
X 217716  Y 80118
X 213779  Y 80118
X 221653  Y 84055
X 225590  Y 84055
X 217716  Y 84055
X 225590  Y 87992
X 209842  Y 91929
X 213779  Y 91929
X 221653  Y 95767
X 221653  Y 99803
X 205905  Y 99803
X 213779  Y 99803
X 225590  Y 99803
X 225590  Y 107677
X 221653  Y 107677
X 217716  Y 107677
X 213779  Y 107677
X 209842  Y 107677
X 225590  Y 115551
X 205905  Y 115551
X 225590  Y 119488
X 213779  Y 119488
X 225590  Y 123425
X 205905  Y 123425
X 217716  Y 123425
X 221653  Y 123425
X 221653  Y 127362
X 209842  Y 131299
X 225590  Y 131299
X 221653  Y 131299
X 225590  Y 135236
X 206003  Y 135236
X 221653  Y 135236
X 221653  Y 139074
X 213779  Y 139173
X 225590  Y 139173
X 209842  Y 139173
X 205905  Y 143110
X 209842  Y 147047
X 213779  Y 147047
X 217716  Y 147047
X 213779  Y 150984
X 217716  Y 150984
X 213779  Y 154921
X 221653  Y 154921
X 217716  Y 154921
X 209842  Y 154921
X 209842  Y 158858
X 213779  Y 158858
X 205905  Y 158858
X 225590  Y 162795
X 213779  Y 162795
X 209842  Y 162795
X 205905  Y 162795
X 209842  Y 166732
X 213779  Y 166732
X 217716  Y 166732
X 221358  Y 287401
X 221948  Y 293700
X 204625  Y 293700
X 228740  Y 311023
X 211811  Y 311023
X 246850  Y 311023
X 238877  Y 293700
X 245964  Y 274507
X 232381  Y 269192
X 238484  Y 251476
X 231397  Y 249114
X 250098  Y 189960
X 233464  Y 170669
X 233464  Y 162795
X 229527  Y 162795
X 249212  Y 162795
X 245275  Y 162795
X 241338  Y 162795
X 253149  Y 162795
X 233464  Y 158858
X 253149  Y 158858
X 245275  Y 158858
X 241338  Y 158858
X 233464  Y 154921
X 229527  Y 154921
X 245275  Y 154921
X 253149  Y 154921
X 249212  Y 154921
X 237401  Y 150984
X 253149  Y 150984
X 229527  Y 150984
X 249212  Y 150984
X 237401  Y 147047
X 233464  Y 147047
X 249212  Y 143110
X 237401  Y 139173
X 229527  Y 139173
X 233464  Y 139173
X 245275  Y 139173
X 249212  Y 139173
X 253149  Y 139173
X 233464  Y 135236
X 237401  Y 135236
X 229527  Y 135236
X 249212  Y 135236
X 253149  Y 135236
X 245275  Y 135236
X 229527  Y 131299
X 245275  Y 131299
X 249212  Y 131299
X 253149  Y 131299
X 253149  Y 127362
X 229527  Y 127362
X 237401  Y 123425
X 245275  Y 123425
X 233464  Y 123425
X 249212  Y 123425
X 253149  Y 123425
X 241338  Y 119488
X 253149  Y 119488
X 233464  Y 119488
X 237401  Y 119488
X 245275  Y 115551
X 229527  Y 115551
X 233464  Y 111614
X 245275  Y 111614
X 237401  Y 111614
X 229527  Y 111614
X 237401  Y 107677
X 245275  Y 107677
X 253149  Y 107677
X 229527  Y 107677
X 237401  Y 103740
X 253149  Y 103740
X 245275  Y 103740
X 229527  Y 103740
X 237401  Y 99803
X 229527  Y 99803
X 233464  Y 99803
X 245275  Y 99803
X 253149  Y 99803
X 249212  Y 99803
X 253149  Y 95866
X 245275  Y 95866
X 237401  Y 87992
X 249212  Y 87992
X 229527  Y 87992
X 245275  Y 87992
X 229527  Y 84055
X 237401  Y 84055
X 249212  Y 84055
X 229527  Y 80118
X 237401  Y 80118
X 249212  Y 80118
X 245275  Y 80118
X 229527  Y 76181
X 249212  Y 76181
X 237401  Y 76181
X 237401  Y 72244
X 245275  Y 72244
X 229527  Y 72244
X 249212  Y 72244
X 229527  Y 68307
X 233464  Y 68307
X 245275  Y 68307
X 253149  Y 68307
X 249212  Y 68307
X 245275  Y 64370
X 233464  Y 64370
X 249212  Y 64370
X 253149  Y 64370
X 242322  Y 23622
X 239173  Y 23622
X 262007  Y 23622
X 258858  Y 23622
X 277755  Y 23622
X 274606  Y 23622
X 261023  Y 68307
X 268897  Y 68307
X 276771  Y 68307
X 272834  Y 68307
X 257086  Y 72244
X 264960  Y 76181
X 268897  Y 76181
X 257086  Y 76181
X 276771  Y 76181
X 272834  Y 76181
X 257086  Y 80118
X 264960  Y 84055
X 268897  Y 84055
X 272834  Y 84055
X 276771  Y 84055
X 257086  Y 84055
X 272834  Y 87992
X 257086  Y 87992
X 264960  Y 91929
X 276771  Y 95866
X 264960  Y 99803
X 257086  Y 99803
X 268897  Y 103740
X 272834  Y 107677
X 257086  Y 107677
X 261023  Y 107677
X 264960  Y 115551
X 268799  Y 119488
X 264960  Y 119488
X 272834  Y 119488
X 261023  Y 123425
X 257086  Y 123425
X 264960  Y 127362
X 268897  Y 127362
X 257086  Y 131299
X 261023  Y 131299
X 264960  Y 135236
X 272834  Y 135236
X 261023  Y 135236
X 268897  Y 135236
X 261023  Y 139173
X 264960  Y 139173
X 276771  Y 139173
X 261023  Y 143110
X 264960  Y 143110
X 272834  Y 143110
X 268897  Y 147047
X 272834  Y 147047
X 261023  Y 147047
X 276771  Y 147047
X 264960  Y 147047
X 272834  Y 150984
X 261023  Y 150984
X 276771  Y 150984
X 268897  Y 150984
X 264960  Y 150984
X 257086  Y 150984
X 257086  Y 154921
X 276771  Y 154921
X 268897  Y 154921
X 272834  Y 154921
X 261023  Y 154921
X 264960  Y 154921
X 257086  Y 158858
X 272834  Y 158858
X 261023  Y 158858
X 276771  Y 158858
X 264960  Y 158858
X 268897  Y 158858
X 272834  Y 162795
X 257086  Y 162795
X 261023  Y 162795
X 276771  Y 162795
X 268897  Y 162795
X 264960  Y 162795
X 261023  Y 166732
X 264960  Y 166732
X 268897  Y 166732
X 266437  Y 293700
X 256988  Y 293700
X 274311  Y 293700
X 264173  Y 311122
X 301870  Y 318110
X 291830  Y 317716
X 281988  Y 317716
X 298031  Y 270374
X 292519  Y 256102
X 304133  Y 251476
X 297047  Y 249114
X 280708  Y 166732
X 288582  Y 162795
X 292519  Y 162795
X 284645  Y 162795
X 280708  Y 162795
X 292519  Y 158858
X 280708  Y 158858
X 288582  Y 158858
X 284645  Y 158858
X 288582  Y 154921
X 292519  Y 154921
X 280708  Y 154921
X 284645  Y 150984
X 292519  Y 150984
X 280708  Y 150984
X 288582  Y 150984
X 280708  Y 147047
X 284645  Y 143110
X 288582  Y 143110
X 292519  Y 143110
X 280610  Y 139173
X 284645  Y 139173
X 296062  Y 137204
X 284645  Y 135236
X 296062  Y 133267
X 284645  Y 131299
X 292519  Y 131299
X 288582  Y 131299
X 280708  Y 123425
X 284645  Y 119488
X 284645  Y 111614
X 292519  Y 107677
X 280708  Y 103740
X 284645  Y 99803
X 292519  Y 95866
X 284645  Y 91929
X 292519  Y 87992
X 288582  Y 87992
X 280708  Y 84055
X 284645  Y 84055
X 292519  Y 84055
X 288582  Y 84055
X 284645  Y 76181
X 292519  Y 76181
X 288582  Y 76181
X 280708  Y 76181
X 288582  Y 68307
X 284645  Y 68307
X 292519  Y 68307
X 280708  Y 68307
X 293503  Y 23622
X 290354  Y 23622
X 350393  Y 69685
X 305511  Y 127362
X 305511  Y 138385
X 305511  Y 143897
X 307480  Y 149409
X 307480  Y 154921
X 307480  Y 160433
X 307480  Y 165944
X 311614  Y 274507
X 311909  Y 318110
X 483661  Y 306692
Drill: .01181  Tool: 2  Feed: 95  Speed: 300
X 23622  Y 4527
X 4527  Y 9645
X 4527  Y 29330
X 13976  Y 79133
X 4527  Y 88779
X 14370  Y 94881
X 23129  Y 138976
X 28444  Y 138976
X 4527  Y 146653
X 16732  Y 146653
X 23129  Y 159448
X 28543  Y 159448
X 22440  Y 195866
X 22440  Y 201574
X 4527  Y 206299
X 23425  Y 207480
X 19685  Y 212598
X 25688  Y 258366
X 25590  Y 263385
X 4527  Y 263976
X 14271  Y 272440
X 6102  Y 288385
X 27460  Y 295275
X 20078  Y 299901
X 6102  Y 308070
X 15748  Y 310039
X 23622  Y 310039
X 23622  Y 317913
X 15748  Y 317913
X 6102  Y 327755
X 25787  Y 327755
X 6102  Y 347440
X 6102  Y 367125
X 45472  Y 367125
X 45472  Y 347440
X 45472  Y 327755
X 43307  Y 314960
X 50196  Y 314960
X 43307  Y 310039
X 31102  Y 309842
X 51181  Y 309842
X 31102  Y 306299
X 43307  Y 305118
X 49606  Y 301181
X 43307  Y 300196
X 32480  Y 296456
X 53838  Y 288582
X 37007  Y 275984
X 35826  Y 250984
X 35826  Y 245374
X 53740  Y 235039
X 52066  Y 229625
X 53248  Y 223031
X 36614  Y 206594
X 50984  Y 197637
X 43700  Y 195866
X 52362  Y 189370
X 41141  Y 189370
X 46653  Y 189370
X 52755  Y 173031
X 32381  Y 163287
X 45275  Y 155905
X 39074  Y 147047
X 43011  Y 140944
X 42814  Y 137007
X 54035  Y 136023
X 42814  Y 133759
X 31496  Y 133759
X 54035  Y 132677
X 40748  Y 129921
X 45472  Y 129133
X 42519  Y 125590
X 36220  Y 121259
X 38582  Y 103149
X 51574  Y 101574
X 40059  Y 97834
X 34940  Y 97834
X 46062  Y 93897
X 46850  Y 78740
X 50590  Y 78740
X 41043  Y 78740
X 48228  Y 75000
X 47244  Y 62992
X 35433  Y 62992
X 47244  Y 47244
X 35433  Y 47244
X 54527  Y 4527
X 54527  Y 24212
X 69488  Y 37007
X 78543  Y 49606
X 72834  Y 69488
X 72834  Y 74606
X 74409  Y 82283
X 64566  Y 89665
X 57480  Y 90452
X 64566  Y 94192
X 64566  Y 99311
X 64566  Y 103838
X 64566  Y 108956
X 55905  Y 113090
X 62500  Y 113484
X 75196  Y 113779
X 61515  Y 125000
X 61515  Y 129330
X 60039  Y 133366
X 59448  Y 145866
X 67618  Y 148425
X 60433  Y 151181
X 55118  Y 156102
X 56299  Y 161909
X 63385  Y 169291
X 68208  Y 169881
X 72244  Y 169980
X 59153  Y 178937
X 78740  Y 179133
X 64763  Y 188779
X 68996  Y 192125
X 72244  Y 192125
X 56200  Y 193700
X 75000  Y 195669
X 78444  Y 195669
X 54724  Y 197637
X 78444  Y 207283
X 76771  Y 211023
X 57086  Y 212500
X 59055  Y 219685
X 62795  Y 219685
X 66338  Y 219783
X 71751  Y 221062
X 67519  Y 226082
X 75787  Y 228248
X 75787  Y 232972
X 67519  Y 235137
X 59055  Y 238976
X 66633  Y 239763
X 55118  Y 241141
X 63582  Y 255708
X 73031  Y 255708
X 63582  Y 265157
X 73031  Y 265157
X 63582  Y 274606
X 73031  Y 274606
X 77755  Y 287795
X 74606  Y 288976
X 63582  Y 288976
X 57086  Y 292125
X 74606  Y 294881
X 65748  Y 317716
X 74606  Y 317716
X 65157  Y 327755
X 84842  Y 327755
X 89763  Y 317716
X 81889  Y 317716
X 84055  Y 288976
X 97440  Y 275590
X 82480  Y 274606
X 97440  Y 272047
X 82480  Y 265157
X 98425  Y 263582
X 98425  Y 260039
X 82480  Y 255610
X 94685  Y 244291
X 94685  Y 236417
X 94685  Y 232775
X 94685  Y 228543
X 94685  Y 220669
X 79921  Y 220275
X 97440  Y 177165
X 93110  Y 174803
X 83070  Y 174409
X 79527  Y 171653
X 99606  Y 171259
X 95275  Y 171259
X 104330  Y 171259
X 84448  Y 168897
X 88976  Y 158070
X 93602  Y 158070
X 83759  Y 152362
X 104330  Y 151181
X 83267  Y 148425
X 80905  Y 144291
X 101968  Y 115748
X 89370  Y 113385
X 96751  Y 109547
X 85629  Y 104429
X 96751  Y 104429
X 85629  Y 99311
X 96751  Y 99311
X 85629  Y 94192
X 96751  Y 94192
X 96751  Y 89074
X 94094  Y 82381
X 86220  Y 82283
X 95669  Y 77165
X 84645  Y 77165
X 92913  Y 74606
X 90551  Y 64960
X 90551  Y 55118
X 101968  Y 49606
X 89173  Y 37007
X 128543  Y 37007
X 108858  Y 37007
X 107677  Y 69488
X 107677  Y 74606
X 105905  Y 82381
X 124901  Y 85039
X 118503  Y 89074
X 110334  Y 91633
X 116141  Y 91633
X 118503  Y 94192
X 107874  Y 94192
X 116141  Y 96751
X 118503  Y 99311
X 107874  Y 99311
X 116141  Y 101870
X 118503  Y 104429
X 107874  Y 104429
X 116141  Y 106988
X 107874  Y 109547
X 118503  Y 109547
X 109744  Y 115354
X 116535  Y 118602
X 124015  Y 122834
X 113779  Y 123326
X 126377  Y 129330
X 113779  Y 129625
X 113779  Y 133366
X 113779  Y 143405
X 109744  Y 151181
X 109744  Y 159448
X 109744  Y 171259
X 126574  Y 175590
X 110236  Y 183070
X 121948  Y 183464
X 125688  Y 185039
X 125688  Y 195669
X 128248  Y 204330
X 122342  Y 206102
X 128248  Y 210236
X 120964  Y 218996
X 120964  Y 230118
X 120964  Y 236417
X 123622  Y 244291
X 122047  Y 259842
X 114173  Y 262500
X 122047  Y 269291
X 122440  Y 283858
X 122047  Y 293307
X 124015  Y 305118
X 114173  Y 314960
X 124212  Y 327755
X 104527  Y 327755
X 143897  Y 327755
X 133858  Y 314960
X 153543  Y 314960
X 144389  Y 212204
X 139074  Y 212204
X 139074  Y 208267
X 144389  Y 206299
X 144389  Y 202362
X 139074  Y 202362
X 145275  Y 189173
X 142224  Y 186614
X 154133  Y 185826
X 150590  Y 185826
X 130511  Y 175590
X 145275  Y 174409
X 151574  Y 174409
X 143897  Y 161811
X 146456  Y 151673
X 151574  Y 151673
X 154133  Y 140354
X 149015  Y 140354
X 144389  Y 134547
X 144389  Y 129330
X 144389  Y 123917
X 139566  Y 122440
X 144389  Y 118602
X 131889  Y 118602
X 144389  Y 113287
X 144389  Y 107972
X 144389  Y 102755
X 144389  Y 97342
X 135531  Y 93503
X 139566  Y 93503
X 129724  Y 92913
X 150492  Y 90551
X 136122  Y 89074
X 136122  Y 83858
X 147244  Y 83858
X 130314  Y 78740
X 147244  Y 78641
X 136122  Y 78641
X 136122  Y 73425
X 147244  Y 68110
X 136122  Y 68110
X 136122  Y 62893
X 151574  Y 62007
X 136811  Y 55118
X 153051  Y 52559
X 149606  Y 36909
X 135826  Y 18700
X 149606  Y 4527
X 158267  Y 22244
X 171456  Y 37007
X 172834  Y 45669
X 164862  Y 52559
X 167224  Y 58858
X 176574  Y 72244
X 170472  Y 73523
X 161712  Y 90551
X 155314  Y 97342
X 165748  Y 98326
X 169488  Y 98326
X 172834  Y 98326
X 155511  Y 102755
X 177165  Y 103543
X 159842  Y 103543
X 159842  Y 106988
X 177165  Y 106988
X 177165  Y 110137
X 159842  Y 110137
X 155511  Y 113287
X 159842  Y 113681
X 177165  Y 113681
X 155511  Y 118602
X 166043  Y 122440
X 170964  Y 122440
X 162303  Y 122440
X 174704  Y 122440
X 155511  Y 123917
X 155511  Y 127952
X 177165  Y 131397
X 159842  Y 131397
X 155511  Y 131692
X 177165  Y 134842
X 159842  Y 134842
X 177165  Y 137992
X 159842  Y 137992
X 177165  Y 141535
X 159842  Y 141535
X 166043  Y 150196
X 162303  Y 150196
X 170964  Y 150196
X 174704  Y 150196
X 156692  Y 151673
X 175196  Y 155905
X 159251  Y 161811
X 164370  Y 162007
X 169488  Y 162007
X 166929  Y 165157
X 172047  Y 165157
X 168503  Y 169488
X 177165  Y 170472
X 161811  Y 174409
X 156692  Y 174409
X 177165  Y 184055
X 159251  Y 184842
X 164370  Y 184842
X 155905  Y 204330
X 155905  Y 210236
X 155118  Y 225984
X 163385  Y 305118
X 173228  Y 314960
X 163582  Y 327755
X 183267  Y 327755
X 202952  Y 327755
X 188976  Y 305118
X 195669  Y 205511
X 201181  Y 205511
X 195669  Y 194094
X 192913  Y 191338
X 187401  Y 191338
X 198425  Y 191338
X 203937  Y 191338
X 203937  Y 179921
X 187401  Y 179921
X 184055  Y 170472
X 180314  Y 151181
X 184055  Y 151181
X 185629  Y 132283
X 179527  Y 87500
X 184448  Y 85039
X 184350  Y 68110
X 181102  Y 59055
X 192913  Y 59055
X 199015  Y 57874
X 194488  Y 51968
X 191732  Y 38976
X 199015  Y 35433
X 191732  Y 35433
X 195866  Y 27559
X 203346  Y 22047
X 194881  Y 19881
X 191338  Y 18700
X 187598  Y 18700
X 183661  Y 18700
X 207283  Y 18700
X 211220  Y 18700
X 225590  Y 21062
X 210137  Y 27559
X 209055  Y 51968
X 204527  Y 57874
X 220472  Y 173228
X 213385  Y 174803
X 229330  Y 178641
X 213385  Y 178740
X 209448  Y 179921
X 229330  Y 182086
X 229330  Y 185531
X 220472  Y 191338
X 214960  Y 191338
X 209448  Y 191338
X 217716  Y 194094
X 206692  Y 194094
X 212204  Y 194094
X 206692  Y 205511
X 212204  Y 205511
X 217716  Y 205511
X 227362  Y 210629
X 211614  Y 214566
X 215551  Y 214566
X 223425  Y 214566
X 219488  Y 214566
X 227362  Y 214566
X 207677  Y 232283
X 209645  Y 239173
X 222440  Y 239173
X 225885  Y 243110
X 222440  Y 243110
X 209645  Y 243110
X 209645  Y 250000
X 209645  Y 253937
X 213582  Y 257874
X 217519  Y 257874
X 209645  Y 257874
X 209448  Y 287992
X 222637  Y 327755
X 242322  Y 327755
X 232381  Y 287992
X 236220  Y 256889
X 252952  Y 253937
X 252952  Y 249015
X 240157  Y 243110
X 236712  Y 243110
X 252952  Y 243110
X 240157  Y 239173
X 252952  Y 239173
X 246555  Y 214566
X 254035  Y 198425
X 244192  Y 198425
X 250787  Y 198425
X 247440  Y 198425
X 232677  Y 187500
X 237598  Y 174803
X 237598  Y 171653
X 244685  Y 18700
X 232874  Y 18700
X 272244  Y 18700
X 264370  Y 18700
X 254527  Y 18700
X 272047  Y 31889
X 267716  Y 179133
X 259055  Y 187500
X 259055  Y 190944
X 267716  Y 191732
X 277559  Y 206692
X 276574  Y 210629
X 273622  Y 232283
X 254921  Y 232283
X 274606  Y 239173
X 274606  Y 243110
X 256889  Y 249015
X 260826  Y 249015
X 275590  Y 250000
X 260826  Y 253937
X 275590  Y 253937
X 256889  Y 253937
X 275590  Y 257874
X 262007  Y 327755
X 301377  Y 327755
X 281692  Y 327755
X 295275  Y 295275
X 279527  Y 257874
X 302165  Y 256397
X 291830  Y 243110
X 288385  Y 243110
X 302165  Y 243110
X 288385  Y 239173
X 280511  Y 210629
X 284448  Y 210629
X 288385  Y 210629
X 285433  Y 206692
X 281496  Y 206692
X 281496  Y 185531
X 281496  Y 182086
X 281496  Y 178641
X 300787  Y 96850
X 303149  Y 83661
X 303149  Y 79724
X 303149  Y 57086
X 283464  Y 57086
X 298228  Y 34940
X 295866  Y 18700
X 280118  Y 18700
X 287992  Y 18700
X 305708  Y 21259
X 305118  Y 39862
X 314566  Y 39960
X 316141  Y 55511
X 314960  Y 79724
X 311023  Y 79724
X 307086  Y 79724
X 319685  Y 95669
X 305413  Y 99803
X 321259  Y 100000
X 313287  Y 104133
X 317716  Y 104232
X 307086  Y 105118
X 307086  Y 113877
X 313287  Y 115354
X 317027  Y 132874
X 328346  Y 137795
X 317027  Y 138385
X 317027  Y 143897
X 318602  Y 149409
X 318602  Y 154921
X 318602  Y 160433
X 322834  Y 169488
X 305118  Y 181102
X 308070  Y 188976
X 312992  Y 198818
X 312204  Y 214566
X 320866  Y 232283
X 305610  Y 239173
X 317913  Y 239173
X 305610  Y 243110
X 317913  Y 243110
X 322834  Y 249015
X 318897  Y 249015
X 326771  Y 249015
X 322834  Y 253937
X 326771  Y 253937
X 318897  Y 253937
X 314960  Y 295275
X 321062  Y 327755
X 340748  Y 327755
X 354330  Y 317913
X 354330  Y 312992
X 354330  Y 308070
X 334645  Y 279527
X 334645  Y 259842
X 353346  Y 256889
X 353346  Y 252952
X 353346  Y 249015
X 353346  Y 245078
X 334645  Y 236220
X 354330  Y 232283
X 352362  Y 188779
X 341929  Y 181102
X 331397  Y 174015
X 341929  Y 155118
X 337401  Y 135039
X 337401  Y 129822
X 340157  Y 121653
X 332578  Y 118208
X 354330  Y 115157
X 340157  Y 114173
X 340157  Y 108661
X 332578  Y 104724
X 340551  Y 100393
X 349606  Y 94094
X 335039  Y 93996
X 345669  Y 90551
X 342125  Y 90551
X 338484  Y 90551
X 344389  Y 75393
X 343503  Y 63976
X 352657  Y 62598
X 343503  Y 60531
X 339566  Y 60531
X 334251  Y 39960
X 362204  Y 37007
X 378937  Y 55118
X 375000  Y 55118
X 378937  Y 59055
X 375000  Y 59055
X 378937  Y 62992
X 375000  Y 62992
X 356692  Y 66141
X 370472  Y 68700
X 367814  Y 93110
X 364173  Y 93307
X 366535  Y 96062
X 379035  Y 99704
X 356299  Y 108267
X 379133  Y 127657
X 379133  Y 133169
X 369685  Y 134940
X 379133  Y 138681
X 375196  Y 145570
X 370472  Y 150000
X 359055  Y 173031
X 370472  Y 173622
X 370078  Y 181102
X 375098  Y 200393
X 367224  Y 200393
X 356397  Y 225984
X 372047  Y 232283
X 358267  Y 247047
X 358267  Y 250984
X 358267  Y 254921
X 369094  Y 293307
X 378937  Y 293307
X 374015  Y 293307
X 369094  Y 298228
X 374015  Y 298228
X 378937  Y 298228
X 355610  Y 301082
X 374015  Y 303149
X 369094  Y 303149
X 378937  Y 303149
X 359251  Y 308070
X 378937  Y 308070
X 374015  Y 308070
X 369094  Y 308070
X 364173  Y 308070
X 378937  Y 312992
X 374015  Y 312992
X 359251  Y 312992
X 369094  Y 312992
X 364173  Y 312992
X 369094  Y 317913
X 374015  Y 317913
X 364173  Y 317913
X 359251  Y 317913
X 378937  Y 317913
X 360433  Y 327755
X 399803  Y 327755
X 380118  Y 327755
X 398622  Y 317913
X 393700  Y 317913
X 388779  Y 317913
X 383858  Y 317913
X 403543  Y 317913
X 398622  Y 312992
X 393700  Y 312992
X 388779  Y 312992
X 383858  Y 312992
X 403543  Y 312992
X 398622  Y 308070
X 393700  Y 308070
X 384448  Y 308070
X 403543  Y 308070
X 393700  Y 303149
X 398622  Y 303149
X 403543  Y 303149
X 403543  Y 298228
X 403543  Y 293307
X 400590  Y 283464
X 384448  Y 282480
X 400590  Y 279527
X 380905  Y 277559
X 392716  Y 275590
X 400590  Y 275590
X 396653  Y 275590
X 382874  Y 273622
X 380905  Y 269685
X 382874  Y 265748
X 401574  Y 232283
X 393110  Y 229921
X 383070  Y 229921
X 394685  Y 208661
X 396259  Y 198228
X 393307  Y 195374
X 388779  Y 190944
X 401574  Y 171259
X 389763  Y 161417
X 401574  Y 159448
X 387401  Y 154625
X 402559  Y 137007
X 402755  Y 133169
X 402755  Y 127657
X 399409  Y 118897
X 379724  Y 111417
X 394881  Y 110728
X 383070  Y 105413
X 394881  Y 105413
X 383070  Y 99704
X 403149  Y 98523
X 403149  Y 93405
X 391732  Y 90846
X 391732  Y 78051
X 390059  Y 68897
X 397637  Y 64074
X 381889  Y 37007
X 401574  Y 37007
X 421259  Y 37007
X 411417  Y 61023
X 429133  Y 61023
X 419685  Y 71653
X 414173  Y 80610
X 412401  Y 88681
X 408464  Y 95472
X 419685  Y 101968
X 408464  Y 107283
X 418110  Y 107874
X 418110  Y 111614
X 425196  Y 122145
X 416535  Y 125295
X 418110  Y 132086
X 418110  Y 135826
X 408562  Y 139370
X 425590  Y 148720
X 407480  Y 149409
X 424704  Y 157086
X 420964  Y 179921
X 411023  Y 208956
X 422244  Y 245078
X 417322  Y 245078
X 422244  Y 249015
X 417322  Y 249015
X 417322  Y 252952
X 422244  Y 252952
X 409744  Y 267519
X 408759  Y 300393
X 413385  Y 308070
X 408464  Y 308070
X 413385  Y 312992
X 408464  Y 312992
X 413385  Y 317913
X 408464  Y 317913
X 423228  Y 317913
X 428149  Y 317913
X 418307  Y 317913
X 419488  Y 327755
X 439173  Y 327755
X 453740  Y 319685
X 437992  Y 317913
X 433070  Y 317913
X 447834  Y 317913
X 442913  Y 317913
X 447834  Y 312992
X 442913  Y 312992
X 451771  Y 306102
X 447834  Y 306102
X 445472  Y 302952
X 446850  Y 292322
X 446850  Y 288385
X 450787  Y 284448
X 453740  Y 278543
X 453740  Y 274606
X 453740  Y 270669
X 453740  Y 266732
X 453740  Y 262795
X 453740  Y 258858
X 453740  Y 254921
X 433661  Y 247440
X 433661  Y 243208
X 433070  Y 232283
X 434251  Y 208956
X 429921  Y 201181
X 436909  Y 199212
X 433956  Y 185826
X 433956  Y 164566
X 440944  Y 159448
X 437401  Y 148720
X 440944  Y 135826
X 437401  Y 122145
X 438188  Y 97440
X 437795  Y 90846
X 433562  Y 81889
X 438976  Y 70866
X 429921  Y 68602
X 438188  Y 49212
X 435236  Y 46259
X 440944  Y 37007
X 460629  Y 37007
X 472440  Y 82677
X 476377  Y 94488
X 469488  Y 111811
X 469488  Y 127952
X 464566  Y 145669
X 464566  Y 169291
X 469488  Y 175885
X 457874  Y 182480
X 460629  Y 192913
X 460629  Y 216535
X 458661  Y 284448
X 454724  Y 284448
X 477165  Y 291732
X 465452  Y 295275
X 477165  Y 296948
X 465452  Y 299409
X 465452  Y 302952
X 469291  Y 304724
X 455708  Y 306102
X 463582  Y 306102
X 459645  Y 306102
X 475196  Y 308858
X 459153  Y 319685
X 464566  Y 319685
X 469980  Y 319685
X 478740  Y 322736
X 458858  Y 327755
X 478543  Y 327755
X 498228  Y 327755
X 490059  Y 322736
X 484055  Y 322736
X 496062  Y 316929
X 494488  Y 309940
X 486811  Y 305216
X 500984  Y 297244
X 482381  Y 296948
X 490944  Y 295275
X 482381  Y 291732
X 494094  Y 281496
X 496062  Y 277952
X 499507  Y 267716
X 499507  Y 264566
X 499507  Y 261417
X 488188  Y 216535
X 488188  Y 169291
X 488188  Y 145669
X 483661  Y 133366
X 480314  Y 37007
X 500000  Y 37007
X 519685  Y 37007
X 511811  Y 66929
X 511811  Y 78740
X 511811  Y 90551
X 511811  Y 122047
X 511811  Y 145669
X 511811  Y 169291
X 511811  Y 192913
X 511811  Y 216535
X 514763  Y 277952
X 517716  Y 281496
X 504921  Y 297244
X 508858  Y 297244
X 512795  Y 297244
X 517913  Y 327755
X 537598  Y 327755
X 535433  Y 295275
X 535433  Y 291338
X 535433  Y 287401
X 535433  Y 283464
X 535433  Y 279527
X 535433  Y 275590
X 539370  Y 275590
X 540157  Y 243208
X 544488  Y 243208
X 535433  Y 216535
X 535433  Y 169291
X 535433  Y 145669
X 535433  Y 122047
X 535433  Y 90551
X 551181  Y 78740
X 535433  Y 66929
X 539370  Y 37007
X 578740  Y 37007
X 559055  Y 37007
X 598425  Y 37007
X 582677  Y 90551
X 559055  Y 90551
X 559055  Y 122047
X 582677  Y 145669
X 559055  Y 145669
X 559055  Y 169291
X 582677  Y 169291
X 582677  Y 192913
X 582677  Y 216535
X 559055  Y 216535
X 582677  Y 244094
X 560433  Y 250393
X 557283  Y 327755
X 596653  Y 327755
X 576968  Y 327755
X 616338  Y 327755
X 636023  Y 327755
X 606299  Y 244094
X 643208  Y 232283
X 606299  Y 216535
X 629921  Y 216535
X 642716  Y 213090
X 629921  Y 192913
X 606299  Y 192913
X 642716  Y 192421
X 643208  Y 173228
X 629921  Y 169291
X 606299  Y 169291
X 642716  Y 153543
X 618110  Y 145669
X 642716  Y 133858
X 606299  Y 122047
X 643208  Y 110236
X 618110  Y 98425
X 643208  Y 75787
X 618110  Y 74803
X 637795  Y 37007
X 618110  Y 37007
X 655511  Y 45669
X 655511  Y 65354
X 655511  Y 85039
X 655511  Y 104724
X 655511  Y 124409
X 655511  Y 144094
X 655511  Y 163779
X 655511  Y 183464
X 655511  Y 203149
X 655511  Y 222834
X 655511  Y 242519
X 655708  Y 268700
X 655708  Y 288385
X 655708  Y 308070
Drill: .01575  Tool: 3  Feed: 95  Speed: 300
X 21850  Y 283110
X 25393  Y 283110
X 28937  Y 283110
X 32480  Y 283110
X 36023  Y 283110
X 39566  Y 283110
X 43110  Y 283110
X 30708  Y 286181
X 34251  Y 286181
X 44881  Y 286181
X 27165  Y 286181
X 23622  Y 286181
X 41338  Y 286181
X 37795  Y 286181
Drill: .01772  Tool: 4  Feed: 95  Speed: 300
X 278149  Y 318897
X 288149  Y 318897
X 298149  Y 318897
X 308149  Y 318897
X 318149  Y 318897
Drill: .02362  Tool: 5  Feed: 197  Speed: 550
X 21850  Y 290275 X 25787  Y 290275
X 40748  Y 290275 X 44685  Y 290275
X 40748  Y 279015 X 44685  Y 279015
X 21850  Y 279015 X 25787  Y 279015
Drill: .04331  Tool: 6  Feed: 139  Speed: 550
X 468503  Y 68503
X 457874  Y 76377
X 457874  Y 88188
X 457874  Y 100000
X 457874  Y 111811
X 457874  Y 123622
X 468503  Y 228346
X 548425  Y 228346
X 494488  Y 195748
X 554488  Y 195748
X 534488  Y 195748
X 494488  Y 147992
X 494488  Y 127992
X 494488  Y 117992
X 494488  Y 77992
X 494488  Y 65748
X 554488  Y 65748
X 574488  Y 65748
X 594488  Y 65748
X 628346  Y 68503
X 594488  Y 77992
X 594488  Y 112992
X 594488  Y 147992
X 574488  Y 195748
X 594488  Y 195748
X 628346  Y 228346
Drill: .05118  Tool: 7  Feed: 107  Speed: 550
X 481496  Y 65748
X 494488  Y 91732
X 504330  Y 126771
X 494488  Y 161811
X 481496  Y 231102
X 607480  Y 231102
X 607480  Y 203543
X 607480  Y 175984
X 594488  Y 161811
X 607480  Y 148425
X 594488  Y 126771
X 594488  Y 91732
X 607480  Y 65748
Drill: .05709  Tool: 8  Feed: 107  Speed: 550
X 136220  Y 193897
X 136220  Y 307283
Drill: .06496  Tool: 9  Feed: 89  Speed: 550
X 15748  Y 58464
X 15748  Y 117519
X 15748  Y 176574
X 15748  Y 235629
Drill: .07087  Tool: 10  Feed: 81  Speed: 550
X 5748  Y 48464
X 25748  Y 48464
X 5748  Y 68464
X 25748  Y 68464
X 5748  Y 107519
X 25748  Y 107519
X 25748  Y 127519
X 5748  Y 127519
X 5748  Y 166574
X 25748  Y 166574
X 25748  Y 186574
X 5748  Y 186574
X 5748  Y 225629
X 25748  Y 225629
X 25748  Y 245629
X 5748  Y 245629
Drill: .07677  Tool: 11  Feed: 81  Speed: 550
X 580708  Y 259251
X 597244  Y 259251
X 580708  Y 275787
X 597244  Y 275787
X 613779  Y 275787
X 630314  Y 275787
X 613779  Y 259251
X 630314  Y 259251
Drill: .11811  Tool: 12  Feed: 69  Speed: 658
X 580708  Y 304527
X 630314  Y 304527
Drill: .1378  Tool: 13  Feed: 35  Speed: 794
X 29527  Y 19094
X 29527  Y 355314
Drill: .17323  Tool: 14  Feed: 35  Speed: 1033
X 98425  Y 199409
X 98425  Y 301771
X 336625  Y 301771
X 336625  Y 199409
End of Listing
