Added Component: Designator=Y2(Ceramic_QFN_7050_10pins)
Add component (AddParameter): Name = "Arrow Part Number"; Value = ""; VariantName = "[No Variations]"
Add component (AddParameter): Name = "Arrow Price/Stock"; Value = ""; VariantName = "[No Variations]"
Add component (AddParameter): Name = "Datasheet Link"; Value = ""; VariantName = "[No Variations]"
Add component (AddParameter): Name = "Height"; Value = "2.2mm"; VariantName = "[No Variations]"
Add component (AddParameter): Name = "Manufacturer_Name"; Value = "SiTime"; VariantName = "[No Variations]"
Add component (AddParameter): Name = "Manufacturer_Part_Number"; Value = "SIT5503AB-WW-33E0-10.00000"; VariantName = "[No Variations]"
Add component (AddParameter): Name = "Mouser Part Number"; Value = ""; VariantName = "[No Variations]"
Add component (AddParameter): Name = "Mouser Price/Stock"; Value = ""; VariantName = "[No Variations]"
Added Pin To Net: NetName=NetR3_2 Pin=Y2-1
Added Pin To Net: NetName=GND Pin=Y2-5
Added Pin To Net: NetName=NetR4_2 Pin=Y2-6
Added Pin To Net: NetName=GND Pin=Y2-7
Added Pin To Net: NetName=GND Pin=Y2-8
Added Pin To Net: NetName=VDD Pin=Y2-10
Added Pin To Net: NetName=SCL Pin=Y2-3
Added Net: Name=SCL
Added Pin To Net: NetName=SDA Pin=Y2-2
Added Net: Name=SDA
Added Member To Class: ClassName=Time4CM4_SIT_module Member=Component Y2 SIT5503AB-WW-33E0-10.00000
