Importer Log Report
Document: C:\Documents\Altium\SM_Project\QUANTUM\РАЗРАБОТКИ\Hardware\CM4IO-KiCAD\CM4IO.pretty
    Section : Analyze Document from - C:\Documents\Altium\SM_Project\QUANTUM\РАЗРАБОТКИ\Hardware\CM4IO-KiCAD\CM4IO.pretty
        Warning: Pad name is empty, autogenerated name 'Un1' assigned to pad pad.
        Warning: Pad name is empty, autogenerated name 'Un2' assigned to pad pad.
        Warning: Pad name is empty, autogenerated name 'Un3' assigned to pad pad.
        Warning: Pad name is empty, autogenerated name 'Un4' assigned to pad pad.
        Warning: Pad name is empty, autogenerated name 'Un1' assigned to pad pad.
        Warning: Pad name is empty, autogenerated name 'Un2' assigned to pad pad.
        Warning: Pad name is empty, autogenerated name 'Un3' assigned to pad pad.
        Warning: Pad name is empty, autogenerated name 'Un4' assigned to pad pad.
        Warning: Pad name is empty, autogenerated name 'Un5' assigned to pad pad.
        Warning: Pad name is empty, autogenerated name 'Un1' assigned to pad pad.
        Warning: Pad name is empty, autogenerated name 'Un2' assigned to pad pad.
    EndSection
    Section : Import Document - C:\Documents\Altium\CM4\Imported CM4_GPIO\CM4IO.PcbLib
        Section : Component J19 importing.
        EndSection
        Section : Component EDAC 690-019-298-412 importing.
        EndSection
        Section : Component HirsoeFH12-22S-05SH_1x22-1MP4 importing.
        EndSection
        Section : Component REF** importing.
        EndSection
        Section : Component MOLEX_67298-4090 importing.
        EndSection
        Section : Component REF** importing.
        EndSection
        Section : Component REF** importing.
        EndSection
        Section : Component REF** importing.
        EndSection
        Section : Component U16 importing.
        EndSection
        Section : Component REF** importing.
        EndSection
        Section : Component REF** importing.
        EndSection
    EndSection
