Importer Log Report
Document: C:\Documents\Altium\SM_Project\QUANTUM\РАЗРАБОТКИ\Hardware\CM4IO-KiCAD\CM4IOv5.kicad_sch
    Section : Loading Schematic - C:\Documents\Altium\SM_Project\QUANTUM\РАЗРАБОТКИ\Hardware\CM4IO-KiCAD\CM4IOv5.kicad_sch
        Warning: Unknown child uuid of pin.
        Warning: Unknown child uuid of pin.
        Warning: Unknown child uuid of pin.
        Warning: Unknown child uuid of pin.
        Warning: Unknown child uuid of pin.
        Warning: Unknown child uuid of pin.
        Warning: Unknown child uuid of pin.
        Warning: Unknown child uuid of pin.
        Warning: Unknown child uuid of pin.
        Warning: Unknown child uuid of pin.
        Warning: Unknown child uuid of pin.
        Warning: Unknown child uuid of pin.
        Warning: Unknown child uuid of pin.
        Warning: Unknown child uuid of pin.
        Warning: Unknown child uuid of pin.
        Warning: Unknown child uuid of pin.
        Warning: Unknown child uuid of pin.
        Warning: Unknown child uuid of pin.
        Warning: Unknown child uuid of pin.
        Warning: Unknown child uuid of pin.
        Warning: Unknown child uuid of pin.
        Warning: Unknown child uuid of pin.
        Warning: Unknown child uuid of pin.
        Warning: Unknown child uuid of pin.
        Warning: Unknown child uuid of pin.
        Warning: Unknown child uuid of pin.
        Warning: Unknown child uuid of pin.
        Warning: Unknown child uuid of pin.
        Warning: Unknown child uuid of pin.
        Warning: Unknown child uuid of pin.
        Warning: Unknown child uuid of pin.
        Warning: Unknown child uuid of pin.
        Warning: Unknown child uuid of pin.
        Warning: Unknown child uuid of pin.
        Warning: Unknown child uuid of pin.
        Warning: Unknown child uuid of pin.
        Warning: Unknown child uuid of pin.
        Warning: Unknown child uuid of pin.
        Warning: Unknown child uuid of pin.
        Warning: Unknown child uuid of pin.
        Warning: Unknown child uuid of pin.
        Warning: Unknown child uuid of pin.
        Warning: Unknown child uuid of pin.
        Warning: Unknown child uuid of pin.
        Warning: Unknown child uuid of pin.
        Warning: Unknown child uuid of pin.
        Warning: Unknown child uuid of pin.
        Warning: Unknown child uuid of pin.
        Warning: Unknown child uuid of pin.
        Warning: Unknown child uuid of pin.
        Warning: Unknown child uuid of pin.
        Warning: Unknown child uuid of pin.
        Warning: Unknown child uuid of pin.
        Warning: Unknown child uuid of pin.
    EndSection
    Section : Loading Schematic - C:\Documents\Altium\SM_Project\QUANTUM\РАЗРАБОТКИ\Hardware\CM4IO-KiCAD\CM4_GPIO.kicad_sch
        Warning: Unknown child uuid of no_connect.
        Warning: Unknown child uuid of no_connect.
        Warning: Unknown child uuid of no_connect.
        Warning: Unknown child uuid of no_connect.
        Warning: Unknown child uuid of no_connect.
        Warning: Unknown child uuid of no_connect.
        Warning: Unknown child uuid of no_connect.
    EndSection
    Section : Loading Schematic - C:\Documents\Altium\SM_Project\QUANTUM\РАЗРАБОТКИ\Hardware\CM4IO-KiCAD\CM4_HighSpeed.kicad_sch
        Warning: Unknown child uuid of no_connect.
        Warning: Unknown child uuid of no_connect.
        Warning: Unknown child uuid of no_connect.
        Warning: Unknown child uuid of no_connect.
        Warning: Unknown child uuid of no_connect.
        Warning: Unknown child uuid of no_connect.
        Warning: Unknown child uuid of no_connect.
        Warning: Unknown child uuid of no_connect.
        Warning: Unknown child uuid of no_connect.
        Warning: Unknown child uuid of no_connect.
        Warning: Unknown child uuid of no_connect.
        Warning: Unknown child uuid of no_connect.
        Warning: Unknown child uuid of no_connect.
        Warning: Unknown child uuid of no_connect.
        Warning: Unknown child uuid of no_connect.
        Warning: Unknown child uuid of no_connect.
        Warning: Unknown child uuid of no_connect.
        Warning: Unknown child uuid of no_connect.
    EndSection
    Section : Loading Schematic - C:\Documents\Altium\SM_Project\QUANTUM\РАЗРАБОТКИ\Hardware\CM4IO-KiCAD\PSUs.kicad_sch
    EndSection
    Section : Loading Schematic - C:\Documents\Altium\SM_Project\QUANTUM\РАЗРАБОТКИ\Hardware\CM4IO-KiCAD\USB2-HUB.kicad_sch
        Warning: Unknown child uuid of no_connect.
        Warning: Unknown child uuid of no_connect.
        Warning: Unknown child uuid of no_connect.
        Warning: Unknown child uuid of no_connect.
        Warning: Unknown child uuid of no_connect.
        Warning: Unknown child uuid of no_connect.
        Warning: Unknown child uuid of no_connect.
        Warning: Unknown child uuid of no_connect.
        Warning: Unknown child uuid of no_connect.
    EndSection
    Section : Loading Schematic - C:\Documents\Altium\SM_Project\QUANTUM\РАЗРАБОТКИ\Hardware\CM4IO-KiCAD\RTC.kicad_sch
        Warning: Unknown child uuid of no_connect.
        Warning: Unknown child uuid of no_connect.
        Warning: Unknown child uuid of no_connect.
    EndSection
    Section : Loading Schematic - C:\Documents\Altium\SM_Project\QUANTUM\РАЗРАБОТКИ\Hardware\CM4IO-KiCAD\PCIe.kicad_sch
        Warning: Unknown child uuid of no_connect.
        Warning: Unknown child uuid of no_connect.
        Warning: Unknown child uuid of no_connect.
        Warning: Unknown child uuid of no_connect.
        Warning: Unknown child uuid of no_connect.
        Warning: Unknown child uuid of no_connect.
    EndSection
    Section : Loading Schematic - C:\Documents\Altium\SM_Project\QUANTUM\РАЗРАБОТКИ\Hardware\CM4IO-KiCAD\CM4IOv5.kicad_sch
        Warning: Unknown child uuid of pin.
        Warning: Unknown child uuid of pin.
        Warning: Unknown child uuid of pin.
        Warning: Unknown child uuid of pin.
        Warning: Unknown child uuid of pin.
        Warning: Unknown child uuid of pin.
        Warning: Unknown child uuid of pin.
        Warning: Unknown child uuid of pin.
        Warning: Unknown child uuid of pin.
        Warning: Unknown child uuid of pin.
        Warning: Unknown child uuid of pin.
        Warning: Unknown child uuid of pin.
        Warning: Unknown child uuid of pin.
        Warning: Unknown child uuid of pin.
        Warning: Unknown child uuid of pin.
        Warning: Unknown child uuid of pin.
        Warning: Unknown child uuid of pin.
        Warning: Unknown child uuid of pin.
        Warning: Unknown child uuid of pin.
        Warning: Unknown child uuid of pin.
        Warning: Unknown child uuid of pin.
        Warning: Unknown child uuid of pin.
        Warning: Unknown child uuid of pin.
        Warning: Unknown child uuid of pin.
        Warning: Unknown child uuid of pin.
        Warning: Unknown child uuid of pin.
        Warning: Unknown child uuid of pin.
        Warning: Unknown child uuid of pin.
        Warning: Unknown child uuid of pin.
        Warning: Unknown child uuid of pin.
        Warning: Unknown child uuid of pin.
        Warning: Unknown child uuid of pin.
        Warning: Unknown child uuid of pin.
        Warning: Unknown child uuid of pin.
        Warning: Unknown child uuid of pin.
        Warning: Unknown child uuid of pin.
        Warning: Unknown child uuid of pin.
        Warning: Unknown child uuid of pin.
        Warning: Unknown child uuid of pin.
        Warning: Unknown child uuid of pin.
        Warning: Unknown child uuid of pin.
        Warning: Unknown child uuid of pin.
        Warning: Unknown child uuid of pin.
        Warning: Unknown child uuid of pin.
        Warning: Unknown child uuid of pin.
        Warning: Unknown child uuid of pin.
        Warning: Unknown child uuid of pin.
        Warning: Unknown child uuid of pin.
        Warning: Unknown child uuid of pin.
        Warning: Unknown child uuid of pin.
        Warning: Unknown child uuid of pin.
        Warning: Unknown child uuid of pin.
        Warning: Unknown child uuid of pin.
        Warning: Unknown child uuid of pin.
    EndSection
    Section : Loading Schematic - C:\Documents\Altium\SM_Project\QUANTUM\РАЗРАБОТКИ\Hardware\CM4IO-KiCAD\CM4_GPIO.kicad_sch
        Warning: Unknown child uuid of no_connect.
        Warning: Unknown child uuid of no_connect.
        Warning: Unknown child uuid of no_connect.
        Warning: Unknown child uuid of no_connect.
        Warning: Unknown child uuid of no_connect.
        Warning: Unknown child uuid of no_connect.
        Warning: Unknown child uuid of no_connect.
    EndSection
    Section : Loading Schematic - C:\Documents\Altium\SM_Project\QUANTUM\РАЗРАБОТКИ\Hardware\CM4IO-KiCAD\CM4_HighSpeed.kicad_sch
        Warning: Unknown child uuid of no_connect.
        Warning: Unknown child uuid of no_connect.
        Warning: Unknown child uuid of no_connect.
        Warning: Unknown child uuid of no_connect.
        Warning: Unknown child uuid of no_connect.
        Warning: Unknown child uuid of no_connect.
        Warning: Unknown child uuid of no_connect.
        Warning: Unknown child uuid of no_connect.
        Warning: Unknown child uuid of no_connect.
        Warning: Unknown child uuid of no_connect.
        Warning: Unknown child uuid of no_connect.
        Warning: Unknown child uuid of no_connect.
        Warning: Unknown child uuid of no_connect.
        Warning: Unknown child uuid of no_connect.
        Warning: Unknown child uuid of no_connect.
        Warning: Unknown child uuid of no_connect.
        Warning: Unknown child uuid of no_connect.
        Warning: Unknown child uuid of no_connect.
    EndSection
    Section : Loading Schematic - C:\Documents\Altium\SM_Project\QUANTUM\РАЗРАБОТКИ\Hardware\CM4IO-KiCAD\PSUs.kicad_sch
    EndSection
    Section : Loading Schematic - C:\Documents\Altium\SM_Project\QUANTUM\РАЗРАБОТКИ\Hardware\CM4IO-KiCAD\USB2-HUB.kicad_sch
        Warning: Unknown child uuid of no_connect.
        Warning: Unknown child uuid of no_connect.
        Warning: Unknown child uuid of no_connect.
        Warning: Unknown child uuid of no_connect.
        Warning: Unknown child uuid of no_connect.
        Warning: Unknown child uuid of no_connect.
        Warning: Unknown child uuid of no_connect.
        Warning: Unknown child uuid of no_connect.
        Warning: Unknown child uuid of no_connect.
    EndSection
    Section : Loading Schematic - C:\Documents\Altium\SM_Project\QUANTUM\РАЗРАБОТКИ\Hardware\CM4IO-KiCAD\RTC.kicad_sch
        Warning: Unknown child uuid of no_connect.
        Warning: Unknown child uuid of no_connect.
        Warning: Unknown child uuid of no_connect.
    EndSection
    Section : Loading Schematic - C:\Documents\Altium\SM_Project\QUANTUM\РАЗРАБОТКИ\Hardware\CM4IO-KiCAD\PCIe.kicad_sch
        Warning: Unknown child uuid of no_connect.
        Warning: Unknown child uuid of no_connect.
        Warning: Unknown child uuid of no_connect.
        Warning: Unknown child uuid of no_connect.
        Warning: Unknown child uuid of no_connect.
        Warning: Unknown child uuid of no_connect.
    EndSection
